<?xml version="1.0" encoding="UTF-8"?>
<!-- Generated by org.testng.reporters.JUnitReportReporter -->
<testsuite hostname="mac-MacBookPro" failures="0" tests="2" name="testNG.ParallelTesting" time="144.255" errors="0" timestamp="2022-12-28T22:29:51 IST" skipped="0">
  <testcase classname="testNG.ParallelTesting" name="openBing" time="34.939"/>
  <system-out/>
  <testcase classname="testNG.ParallelTesting" name="openGoogle" time="109.316"/>
  <system-out/>
</testsuite> <!-- testNG.ParallelTesting -->
