<?xml version="1.0" encoding="UTF-8"?>
<!-- Generated by org.testng.reporters.JUnitReportReporter -->
<testsuite hostname="mac-MacBookPro" failures="0" tests="2" name="testNG.Groupings1" time="0.012" errors="0" timestamp="2022-12-23T15:49:15 IST" skipped="0">
  <testcase classname="testNG.Groupings1" name="lenovo1" time="0.002"/>
  <system-out/>
  <testcase classname="testNG.Groupings1" name="lenovo" time="0.010"/>
  <system-out/>
</testsuite> <!-- testNG.Groupings1 -->
