<?xml version="1.0" encoding="UTF-8"?>
<!-- Generated by org.testng.reporters.JUnitReportReporter -->
<testsuite hostname="mac-MacBookPro" failures="0" tests="1" name="testNG.Parameterization" time="0.009" errors="0" timestamp="2023-02-10T11:52:25 IST" skipped="0">
  <testcase classname="testNG.Parameterization" name="printName" time="0.009"/>
  <system-out/>
</testsuite> <!-- testNG.Parameterization -->
