<?xml version="1.0" encoding="UTF-8"?>
<!-- Generated by org.testng.reporters.JUnitReportReporter -->
<testsuite hostname="mac-MacBookPro" failures="0" tests="3" name="testNG.Groupings" time="8.286" errors="0" timestamp="2022-12-23T15:32:53 IST" skipped="0">
  <testcase classname="testNG.Groupings" name="openBing" time="0.247"/>
  <system-out/>
  <testcase classname="testNG.Groupings" name="openGoole" time="6.983"/>
  <system-out/>
  <testcase classname="testNG.Groupings" name="openYahoo" time="1.056"/>
  <system-out/>
</testsuite> <!-- testNG.Groupings -->
