<?xml version="1.0" encoding="UTF-8"?>
<!-- Generated by org.testng.reporters.JUnitReportReporter -->
<testsuite hostname="mac-MacBookPro" failures="0" tests="3" name="testNG.DependanciManagement" time="0.008" errors="0" timestamp="2022-12-23T15:32:53 IST" skipped="0">
  <testcase classname="testNG.DependanciManagement" name="College" time="0.002"/>
  <system-out/>
  <testcase classname="testNG.DependanciManagement" name="highschool" time="0.004"/>
  <system-out/>
  <testcase classname="testNG.DependanciManagement" name="higrschool" time="0.002"/>
  <system-out/>
</testsuite> <!-- testNG.DependanciManagement -->
