<?xml version="1.0" encoding="UTF-8"?>
<!-- Generated by org.testng.reporters.JUnitReportReporter -->
<testsuite hostname="mac-MacBookPro" failures="0" tests="2" name="testNG.TestNG" time="0.003" errors="0" timestamp="2022-12-23T15:32:53 IST" skipped="0">
  <testcase classname="testNG.TestNG" name="secondCase" time="0.002"/>
  <system-out/>
  <testcase classname="testNG.TestNG" name="firstCase" time="0.001"/>
  <system-out/>
</testsuite> <!-- testNG.TestNG -->
